<?xml version="1.0" encoding="UTF-8"?>
<!-- Generated by org.testng.reporters.JUnitReportReporter -->
<testsuite hostname="DESKTOP-GOEO606" name="com.fb.test.friendlist.FriendList" tests="1" failures="0" timestamp="23 Apr 2018 17:15:59 GMT" time="0.007" errors="0">
  <testcase name="f" time="0.007" classname="com.fb.test.friendlist.FriendList"/>
</testsuite> <!-- com.fb.test.friendlist.FriendList -->
