<?xml version="1.0" encoding="UTF-8"?>
<!-- Generated by org.testng.reporters.JUnitReportReporter -->
<testsuite hostname="DESKTOP-GOEO606" name="com.fb.test.profile.Profile" tests="1" failures="0" timestamp="24 Apr 2018 16:23:22 GMT" time="0.000" errors="0">
  <testcase name="f" time="0.000" classname="com.fb.test.profile.Profile"/>
</testsuite> <!-- com.fb.test.profile.Profile -->
